{
  "RSpec": {
    "coverage": {
      "/Users/haleymesander/mod4/who-you-know/who-you-know-backend/app/models/card.rb": [
        1,
        1,
        1,
        1,
        1,
        1,
        1,
        null,
        1,
        2,
        null,
        null
      ],
      "/Users/haleymesander/mod4/who-you-know/who-you-know-backend/app/models/application_record.rb": [
        1,
        1,
        null
      ],
      "/Users/haleymesander/mod4/who-you-know/who-you-know-backend/app/controllers/api/v1/cards_controller.rb": [
        1,
        1,
        1,
        null,
        null
      ],
      "/Users/haleymesander/mod4/who-you-know/who-you-know-backend/app/controllers/application_controller.rb": [
        1,
        null
      ],
      "/Users/haleymesander/mod4/who-you-know/who-you-know-backend/app/mailers/application_mailer.rb": [
        null,
        null,
        null,
        null,
        null,
        null
      ],
      "/Users/haleymesander/mod4/who-you-know/who-you-know-backend/app/jobs/application_job.rb": [
        null,
        null,
        null,
        null
      ],
      "/Users/haleymesander/mod4/who-you-know/who-you-know-backend/app/channels/application_cable/connection.rb": [
        null,
        null,
        null,
        null,
        null,
        null
      ],
      "/Users/haleymesander/mod4/who-you-know/who-you-know-backend/app/channels/application_cable/channel.rb": [
        null,
        null,
        null,
        null,
        null,
        null
      ]
    },
    "timestamp": 1536337764
  }
}
