{
  "RSpec": {
    "coverage": {
      "/Users/justinetroyke/turing/4mod/projects/who-you-know-backend/app/models/card.rb": [
        1,
        null
      ],
      "/Users/justinetroyke/turing/4mod/projects/who-you-know-backend/app/models/application_record.rb": [
        1,
        1,
        null
      ],
      "/Users/justinetroyke/turing/4mod/projects/who-you-know-backend/app/controllers/api/v1/cards_controller.rb": [
        1,
        1,
        1,
        null,
        null
      ],
      "/Users/justinetroyke/turing/4mod/projects/who-you-know-backend/app/controllers/application_controller.rb": [
        1,
        null
      ],
      "/Users/justinetroyke/turing/4mod/projects/who-you-know-backend/app/mailers/application_mailer.rb": [
        0,
        0,
        0,
        0
      ],
      "/Users/justinetroyke/turing/4mod/projects/who-you-know-backend/app/jobs/application_job.rb": [
        0,
        0
      ],
      "/Users/justinetroyke/turing/4mod/projects/who-you-know-backend/app/channels/application_cable/connection.rb": [
        0,
        0,
        0,
        0
      ],
      "/Users/justinetroyke/turing/4mod/projects/who-you-know-backend/app/channels/application_cable/channel.rb": [
        0,
        0,
        0,
        0
      ]
    },
    "timestamp": 1536284494
  }
}
